Fatal error: exception Failure("illegal binary operator int + string in 1+\"hello\"")
Fatal error: exception Failure("illegal assignment int = string in i = s")
Fatal error: exception Failure("illegal assignment in float j = i of type int")
Fatal error: exception Failure("illegal file mode \"f\"given as argument in open file perhaps you added an extra space.")
Fatal error: exception Failure("illegal assignment in int i = f of type file")
Fatal error: exception Parsing.Parse_error
Fatal error: exception Parsing.Parse_error
Fatal error: exception Failure("illegal assignment int = int in i = k")
Fatal error: exception Parsing.Parse_error
Fatal error: exception Failure("illegal assignment bool = string in i = s")
Fatal error: exception Failure("variable g is of type file which cannot be initialized and declared at the time.")
Starting the tests..
test-fail-intstrop.pl
../basic_tests/test-fail-intstrop.diff
../basic_tests/test-fail-intstrop.diff
test-fileIOsync.pl
../basic_tests/test-fileIOsync.diff
../basic_tests/test-fileIOsync.diff
path !! ../basic_tests/test-fileIOsync.diff
test-pass-intfloatop.pl
../basic_tests/test-pass-intfloatop.diff
../basic_tests/test-pass-intfloatop.diff
path !! ../basic_tests/test-pass-intfloatop.diff
test-fail-intstring-assignmismatch.pl
../basic_tests/test-fail-intstring-assignmismatch.diff
../basic_tests/test-fail-intstring-assignmismatch.diff
test-pass-structuse.pl
../basic_tests/test-pass-structuse.diff
../basic_tests/test-pass-structuse.diff
path !! ../basic_tests/test-pass-structuse.diff
test-struct.pl
../basic_tests/test-struct.diff
../basic_tests/test-struct.diff
path !! ../basic_tests/test-struct.diff
test-list-addback.pl
../basic_tests/test-list-addback.diff
../basic_tests/test-list-addback.diff
path !! ../basic_tests/test-list-addback.diff
test-recursion.pl
../basic_tests/test-recursion.diff
../basic_tests/test-recursion.diff
path !! ../basic_tests/test-recursion.diff
test-fail-intfloat-assignmismatch.pl
../basic_tests/test-fail-intfloat-assignmismatch.diff
../basic_tests/test-fail-intfloat-assignmismatch.diff
test-list-popfront.pl
../basic_tests/test-list-popfront.diff
../basic_tests/test-list-popfront.diff
path !! ../basic_tests/test-list-popfront.diff
test-globals.pl
../basic_tests/test-globals.diff
../basic_tests/test-globals.diff
path !! ../basic_tests/test-globals.diff
test-fail-filemode.pl
../basic_tests/test-fail-filemode.diff
../basic_tests/test-fail-filemode.diff
test-fail-intfile-assignmismatch.pl
../basic_tests/test-fail-intfile-assignmismatch.diff
../basic_tests/test-fail-intfile-assignmismatch.diff
test-list.pl
../basic_tests/test-list.diff
../basic_tests/test-list.diff
path !! ../basic_tests/test-list.diff
test-function.pl
../basic_tests/test-function.diff
../basic_tests/test-function.diff
path !! ../basic_tests/test-function.diff
test-strlen.pl
../basic_tests/test-strlen.diff
../basic_tests/test-strlen.diff
path !! ../basic_tests/test-strlen.diff
test-structaccess.pl
../basic_tests/test-structaccess.diff
../basic_tests/test-structaccess.diff
path !! ../basic_tests/test-structaccess.diff
test-list-addfront.pl
../basic_tests/test-list-addfront.diff
../basic_tests/test-list-addfront.diff
path !! ../basic_tests/test-list-addfront.diff
test-fail-listdecinit.pl
../basic_tests/test-fail-listdecinit.diff
../basic_tests/test-fail-listdecinit.diff
test-99bottles.pl
../basic_tests/test-99bottles.diff
../basic_tests/test-99bottles.diff
path !! ../basic_tests/test-99bottles.diff
test-fail-intstruct-assignmismatch.pl
../basic_tests/test-fail-intstruct-assignmismatch.diff
../basic_tests/test-fail-intstruct-assignmismatch.diff
test-print_int.pl
../basic_tests/test-print_int.diff
../basic_tests/test-print_int.diff
path !! ../basic_tests/test-print_int.diff
test-float.pl
../basic_tests/test-float.diff
../basic_tests/test-float.diff
path !! ../basic_tests/test-float.diff
test-fail-intlist.pl
../basic_tests/test-fail-intlist.diff
../basic_tests/test-fail-intlist.diff
test-fail-structlit.pl
../basic_tests/test-fail-structlit.diff
../basic_tests/test-fail-structlit.diff
test-pipe.pl
../basic_tests/test-pipe.diff
../basic_tests/test-pipe.diff
path !! ../basic_tests/test-pipe.diff
test-fail-stringbool-assignmismatch.pl
../basic_tests/test-fail-stringbool-assignmismatch.diff
../basic_tests/test-fail-stringbool-assignmismatch.diff
test-bool.pl
../basic_tests/test-bool.diff
../basic_tests/test-bool.diff
path !! ../basic_tests/test-bool.diff
test-print_float.pl
../basic_tests/test-print_float.diff
../basic_tests/test-print_float.diff
path !! ../basic_tests/test-print_float.diff
test-return-str.pl
../basic_tests/test-return-str.diff
../basic_tests/test-return-str.diff
path !! ../basic_tests/test-return-str.diff
test-forloop.pl
../basic_tests/test-forloop.diff
../basic_tests/test-forloop.diff
path !! ../basic_tests/test-forloop.diff
test-fail-fileinitandassign.pl
../basic_tests/test-fail-fileinitandassign.diff
../basFatal error: exception Parsing.Parse_error
Fatal error: exception Failure("illegal function definition. function print_stris the name of a built_in function")
Fatal error: exception Failure("duplicate function foo")
Fatal error: exception Failure("illegal unary operator -string in -s")
Fatal error: exception Failure("illegal concatenation operator string $  int in \"a\" $ \"b\" $ 4")
Fatal error: exception Failure("illegal binary operator float + string in 1.+s")
Fatal error: exception Failure("illegal assignment in string s = foo of type file")
Fatal error: exception Parsing.Parse_error
Fatal error: exception Failure("illegal assignment float = string in i = s")
Fatal error: exception Failure("i is an illegal void type variable")
Fatal error: exception Failure("illegal assignment int = bool in i = s")
Fatal error: exception Failure("illegal actual argument found int expected file in 1")
ic_tests/test-fail-fileinitandassign.diff
test-list-popback.pl
../basic_tests/test-list-popback.diff
../basic_tests/test-list-popback.diff
path !! ../basic_tests/test-list-popback.diff
test-fail-structvarmismatch.pl
../basic_tests/test-fail-structvarmismatch.diff
../basic_tests/test-fail-structvarmismatch.diff
test-fail-funcnamedbuiltin.pl
../basic_tests/test-fail-funcnamedbuiltin.diff
../basic_tests/test-fail-funcnamedbuiltin.diff
test-string.pl
../basic_tests/test-string.diff
../basic_tests/test-string.diff
path !! ../basic_tests/test-string.diff
test-fail-dupfuncs.pl
../basic_tests/test-fail-dupfuncs.diff
../basic_tests/test-fail-dupfuncs.diff
test-fail-negstring.pl
../basic_tests/test-fail-negstring.diff
../basic_tests/test-fail-negstring.diff
test-print_str.pl
../basic_tests/test-print_str.diff
../basic_tests/test-print_str.diff
path !! ../basic_tests/test-print_str.diff
test-strcat.pl
../basic_tests/test-strcat.diff
../basic_tests/test-strcat.diff
path !! ../basic_tests/test-strcat.diff
test-fail-concatint.pl
../basic_tests/test-fail-concatint.diff
../basic_tests/test-fail-concatint.diff
test-fail-floatstrop.pl
../basic_tests/test-fail-floatstrop.diff
../basic_tests/test-fail-floatstrop.diff
test-structuse.pl
../basic_tests/test-structuse.diff
../basic_tests/test-structuse.diff
path !! ../basic_tests/test-structuse.diff
test-fail-filestr-assignmismatch.pl
../basic_tests/test-fail-filestr-assignmismatch.diff
../basic_tests/test-fail-filestr-assignmismatch.diff
test-binop.pl
../basic_tests/test-binop.diff
../basic_tests/test-binop.diff
path !! ../basic_tests/test-binop.diff
test-int.pl
../basic_tests/test-int.diff
../basic_tests/test-int.diff
path !! ../basic_tests/test-int.diff
test-while.pl
../basic_tests/test-while.diff
../basic_tests/test-while.diff
path !! ../basic_tests/test-while.diff
test-fail-filestruct-assignmismatch.pl
../basic_tests/test-fail-filestruct-assignmismatch.diff
../basic_tests/test-fail-filestruct-assignmismatch.diff
test-list-access.pl
../basic_tests/test-list-access.diff
../basic_tests/test-list-access.diff
path !! ../basic_tests/test-list-access.diff
test-strcmp.pl
../basic_tests/test-strcmp.diff
../basic_tests/test-strcmp.diff
path !! ../basic_tests/test-strcmp.diff
test-structassignment.pl
../basic_tests/test-structassignment.diff
../basic_tests/test-structassignment.diff
path !! ../basic_tests/test-structassignment.diff
test-fail-floatstring-assignmismatch.pl
../basic_tests/test-fail-floatstring-assignmismatch.diff
../basic_tests/test-fail-floatstring-assignmismatch.diff
test-list-find.pl
../basic_tests/test-list-find.diff
../basic_tests/test-list-find.diff
path !! ../basic_tests/test-list-find.diff
test-fail-voidvar.pl
../basic_tests/test-fail-voidvar.diff
../basic_tests/test-fail-voidvar.diff
test-fail-intbool-assignmismatch.pl
../basic_tests/test-fail-intbool-assignmismatch.diff
../basic_tests/test-fail-intbool-assignmismatch.diff
test-fail-fileopmismatch.pl
../basic_tests/test-fail-fileopmismatch.diff
../basic_tests/test-fail-fileopmismatch.diff
test-function-call.pl
../basic_tests/test-function-call.diff
../basic_tests/test-function-call.diff
path !! ../basic_tests/test-function-call.diff
test-intfloatop.pl
../basic_tests/test-intfloatop.diff
../basic_tests/test-intfloatop.diff
path !! ../basic_tests/test-intfloatop.diff

---------- PASSED TESTS ------------
PASSED for -- test-fileIOsync.pl
PASSED for -- test-pass-intfloatop.pl
PASSED for -- test-pass-structuse.pl
PASSED for -- test-struct.pl
PASSED for -- test-list-addback.pl
PASSED for -- test-recursion.pl
PASSED for -- test-list-popfront.pl
PASSED for -- test-globals.pl
PASSED for -- test-list.pl
PASSED for -- test-function.pl
PASSED for -- test-strlen.pl
PASSED for -- test-structaccess.pl
PASSED for -- test-list-addfront.pl
PASSED for -- test-99bottles.pl
PASSED for -- test-print_int.pl
PASSED for -- test-float.pl
PASSED for -- test-pipe.pl
PASSED for -- test-bool.pl
PASSED for -- test-print_float.pl
PASSED for -- test-return-str.pl
PASSED for -- test-forloop.pl
PASSED for -- test-list-popback.pl
PASSED for -- test-string.pl
PASSED for -- test-print_str.pl
PASSED for -- test-strcat.pl
PASSED for -- test-structuse.pl
PASSED for -- test-binop.pl
PASSED for -- test-int.pl
PASSED for -- test-while.pl
PASSED for -- test-list-access.pl
PASSED for -- test-strcmp.pl
PASSED for -- test-structassignment.pl
PASSED for -- test-list-find.pl
PASSED for -- test-function-call.pl
PASSED for -- test-intfloatop.pl
---------- FAILED TESTS ------------
**** FAILED for file test-fail-intstrop.pl

**** FAILED for file test-fail-intstring-assignmismatch.pl

**** FAILED for file test-fail-intfloat-assignmismatch.pl

**** FAILED for file test-fail-filemode.pl

**** FAILED for file test-fail-intfile-assignmismatch.pl

**** FAILED for file test-fail-listdecinit.pl

**** FAILED for file test-fail-intstruct-assignmismatch.pl

**** FAILED for file test-fail-intlist.pl

**** FAILED for file test-fail-structlit.pl

**** FAILED for file test-fail-stringbool-assignmismatch.pl

**** FAILED for file test-fail-fileinitandassign.pl

**** FAILED for file test-fail-structvarmismatch.pl

**** FAILED for file test-fail-funcnamedbuiltin.pl

**** FAILED for file test-fail-dupfuncs.pl

**** FAILED for file test-fail-negstring.pl

**** FAILED for file test-fail-concatint.pl

**** FAILED for file test-fail-floatstrop.pl

**** FAILED for file test-fail-filestr-assignmismatch.pl

**** FAILED for file test-fail-filestruct-assignmismatch.pl

**** FAILED for file test-fail-floatstring-assignmismatch.pl

**** FAILED for file test-fail-voidvar.pl

**** FAILED for file test-fail-intbool-assignmismatch.pl

**** FAILED for file test-fail-fileopmismatch.pl

---------- TESTS STATS------------
Passed : 35
Failed : 23
